<?xml version="1.0" encoding="UTF-8"?>
<!-- Generated by org.testng.reporters.JUnitReportReporter -->
<testsuite hostname="LAPTOP-3RVOSM2P" failures="0" tests="3" name="demo.TestNGPriorityDemo" time="0.126" errors="0" timestamp="2023-01-13T20:58:06 IST" skipped="0">
  <testcase classname="demo.TestNGPriorityDemo" name="test2" time="0.010"/>
  <system-out/>
  <testcase classname="demo.TestNGPriorityDemo" name="test3" time="0.057"/>
  <system-out/>
  <testcase classname="demo.TestNGPriorityDemo" name="test1" time="0.059"/>
  <system-out/>
</testsuite> <!-- demo.TestNGPriorityDemo -->
