<?xml version="1.0" encoding="UTF-8"?>
<!-- Generated by org.testng.reporters.JUnitReportReporter -->
<testsuite hostname="LAPTOP-3RVOSM2P" failures="0" tests="2" name="test.ExtentReportsDemoWithTestNG" time="47.028" errors="0" timestamp="2023-01-10T19:59:47 IST" skipped="0">
  <testcase classname="test.ExtentReportsDemoWithTestNG" name="googleSearchTest1" time="31.435"/>
  <system-out/>
  <testcase classname="test.ExtentReportsDemoWithTestNG" name="googleSearchTest2" time="15.593"/>
  <system-out/>
</testsuite> <!-- test.ExtentReportsDemoWithTestNG -->
