<?xml version="1.0" encoding="UTF-8"?>
<!-- Generated by org.testng.reporters.JUnitReportReporter -->
<testsuite hostname="LAPTOP-3RVOSM2P" failures="0" tests="1" name="test.TestNG_GoogleSearch2" time="89.367" errors="0" timestamp="2023-01-11T16:45:39 IST" skipped="0">
  <testcase classname="test.TestNG_GoogleSearch2" name="googlesearch3" time="89.367"/>
  <system-out/>
</testsuite> <!-- test.TestNG_GoogleSearch2 -->
