<?xml version="1.0" encoding="UTF-8"?>
<!-- Generated by org.testng.reporters.JUnitReportReporter -->
<testsuite hostname="LAPTOP-3RVOSM2P" failures="0" tests="2" name="demo.TestNGRetryFailedDemo" time="0.115" errors="0" timestamp="2023-01-16T18:01:45 IST" skipped="0">
  <testcase classname="demo.TestNGRetryFailedDemo" name="test2" time="0.018"/>
  <system-out/>
  <testcase classname="demo.TestNGRetryFailedDemo" name="test3" time="0.097"/>
  <system-out/>
</testsuite> <!-- demo.TestNGRetryFailedDemo -->
