<?xml version="1.0" encoding="UTF-8"?>
<!-- Generated by org.testng.reporters.JUnitReportReporter -->
<testsuite hostname="LAPTOP-3RVOSM2P" failures="0" tests="2" name="demo.TestNGGroupsDemo" time="0.051" errors="0" timestamp="2023-01-15T16:49:19 IST" skipped="0">
  <testcase classname="demo.TestNGGroupsDemo" name="test1" time="0.047"/>
  <system-out/>
  <testcase classname="demo.TestNGGroupsDemo" name="test2" time="0.004"/>
  <system-out/>
</testsuite> <!-- demo.TestNGGroupsDemo -->
